<?xml version="1.0" encoding="UTF-8"?>
<!-- Generated by org.testng.reporters.JUnitXMLReporter -->
<testsuite ignored="3" hostname="asset010" failures="0" tests="0" time="0.019" errors="0" timestamp="2021-09-13T00:18:17 NPT">
  <testcase classname="com.freecrm.qa.testcases.ContactsPageTest" name="verifyContactsLabelTest" time="0.0">
    <ignored/>
  </testcase> <!-- verifyContactsLabelTest -->
  <testcase classname="com.freecrm.qa.testcases.ContactsPageTest" name="selectMultipleContactsTest" time="0.0">
    <ignored/>
  </testcase> <!-- selectMultipleContactsTest -->
  <testcase classname="com.freecrm.qa.testcases.ContactsPageTest" name="selectContactsTest" time="0.0">
    <ignored/>
  </testcase> <!-- selectContactsTest -->
</testsuite>
