<?xml version="1.0" encoding="UTF-8"?>
<testng-results ignored="3" total="3" passed="0" failed="0" skipped="0">
  <reporter-output>
  </reporter-output>
  <suite started-at="2021-09-13T00:18:17 NPT" name="Default Suite" finished-at="2021-09-13T00:18:17 NPT" duration-ms="19">
    <groups>
    </groups>
    <test started-at="2021-09-13T00:18:17 NPT" name="SeleniumHybridFramework" finished-at="2021-09-13T00:18:17 NPT" duration-ms="19">
    </test> <!-- SeleniumHybridFramework -->
  </suite> <!-- Default Suite -->
</testng-results>
